<?xml version="1.0" encoding="UTF-8"?>
<testsuite name="DeckTests" tests="3" skipped="0" failures="0" errors="0" timestamp="2017-12-06T02:13:38" hostname="DESKTOP-GBUGKH7" time="0.001">
  <properties/>
  <testcase name="DeckHandShuffles" classname="DeckTests" time="0.001"/>
  <testcase name="DeckDefaultShuffles" classname="DeckTests" time="0.0"/>
  <testcase name="DeckInitializes" classname="DeckTests" time="0.0"/>
  <system-out><![CDATA[]]></system-out>
  <system-err><![CDATA[]]></system-err>
</testsuite>
